
Showing logs for build [32mcb-kubecd-environment-pr-1511-2-pnh4h-1[0m stage [32mfrom-build-pack[0m and container [32mstep-credential-initializer-9n5qs[0m
{"level":"info","ts":1591040112.5432286,"logger":"fallback-logger","caller":"logging/config.go:69","msg":"Fetch GitHub commit ID from kodata failed: open /var/run/ko/refs/heads/0.8.0-ns-support: no such file or directory"}
{"level":"info","ts":1591040112.5442212,"logger":"fallback-logger","caller":"creds-init/main.go:40","msg":"Credentials initialized."}

Showing logs for build [32mcb-kubecd-environment-pr-1511-2-pnh4h-1[0m stage [32mfrom-build-pack[0m and container [32mstep-working-dir-initializer-hfg89[0m
{"level":"info","ts":1591040113.458189,"logger":"fallback-logger","caller":"logging/config.go:69","msg":"Fetch GitHub commit ID from kodata failed: open /var/run/ko/HEAD: no such file or directory"}
{"level":"info","ts":1591040113.4598749,"logger":"fallback-logger","caller":"bash/main.go:64","msg":"Successfully executed command \"sh -c mkdir -p /workspace/source\"; output "}

Showing logs for build [32mcb-kubecd-environment-pr-1511-2-pnh4h-1[0m stage [32mfrom-build-pack[0m and container [32mstep-place-tools[0m

Showing logs for build [32mcb-kubecd-environment-pr-1511-2-pnh4h-1[0m stage [32mfrom-build-pack[0m and container [32mstep-git-source-cb-kubecd-environment-pr-1511-2-pnh4h-djbnm[0m
{"level":"info","ts":1591040119.6644037,"logger":"fallback-logger","caller":"logging/config.go:69","msg":"Fetch GitHub commit ID from kodata failed: open /var/run/ko/refs/heads/0.8.0-ns-support: no such file or directory"}
{"level":"info","ts":1591040120.7231114,"logger":"fallback-logger","caller":"git/git.go:103","msg":"Successfully cloned https://github.com/cb-kubecd/environment-pr-1511-28-bdd-frontend-staging.git @ master in path /workspace/source"}

Showing logs for build [32mcb-kubecd-environment-pr-1511-2-pnh4h-1[0m stage [32mfrom-build-pack[0m and container [32mstep-git-merge[0m
Using SHAs from PULL_REFS=master:e7a6c228a1fbe0b26a556e4305837e6bf6288eaf,1:cfaefc1ff68fdece2666dc269278cc2b5d582577
DEBUG: LC_ALL=C JX_LOG_LEVEL=error git fetch origin --unshallow cfaefc1ff68fdece2666dc269278cc2b5d582577: e7a6c228a1fbe0b26a556e4305837e6bf6288eaf:
DEBUG: ran git fetch --unshallow origin cfaefc1ff68fdece2666dc269278cc2b5d582577: e7a6c228a1fbe0b26a556e4305837e6bf6288eaf: in 
DEBUG: LC_ALL=C JX_LOG_LEVEL=error git branch
DEBUG: LC_ALL=C JX_LOG_LEVEL=error git checkout master
DEBUG: ran git checkout master in 
DEBUG: LC_ALL=C JX_LOG_LEVEL=error git reset --hard e7a6c228a1fbe0b26a556e4305837e6bf6288eaf
DEBUG: ran git reset --hard e7a6c228a1fbe0b26a556e4305837e6bf6288eaf in 
DEBUG: LC_ALL=C JX_LOG_LEVEL=error git clean -fd .
DEBUG: ran clean --force -d . in 
DEBUG: LC_ALL=C JX_LOG_LEVEL=error git merge cfaefc1ff68fdece2666dc269278cc2b5d582577
DEBUG: ran git merge cfaefc1ff68fdece2666dc269278cc2b5d582577 in 
DEBUG: LC_ALL=C JX_LOG_LEVEL=error git log --format=%H%x1f%an%x1f%ae%x1f%cn%x1f%ce%x1f%s%n%b%x1e e7a6c228a1fbe0b26a556e4305837e6bf6288eaf..HEAD
Merged SHA cfaefc1ff68fdece2666dc269278cc2b5d582577 with commit message 'chore: Promote bdd-nh-1591038971 to version 0.0.1' into base branch master

Showing logs for build [32mcb-kubecd-environment-pr-1511-2-pnh4h-1[0m stage [32mfrom-build-pack[0m and container [32mstep-build-helm-build[0m
WARNING: No $CHART_REPOSITORY defined so using the default value of: http://jenkins-x-chartmuseum:8080
Adding missing Helm repo: storage.googleapis.com https://storage.googleapis.com/chartmuseum.jenkins-x.io
WARNING: No secrets found on "helm/repos" due: reading the secret "helm/repos" from vault: no secret "helm/repos" not found in vault
Read credentials for https://storage.googleapis.com/chartmuseum.jenkins-x.io from vault helm/repos
Successfully added Helm repository storage.googleapis.com.
Adding missing Helm repo: jenkins-x-chartmuseum http://jenkins-x-chartmuseum:8080
WARNING: No secrets found on "helm/repos" due: reading the secret "helm/repos" from vault: no secret "helm/repos" not found in vault
Read credentials for http://jenkins-x-chartmuseum:8080 from vault helm/repos
Successfully added Helm repository jenkins-x-chartmuseum.
WARNING: No $CHART_REPOSITORY defined so using the default value of: http://jenkins-x-chartmuseum:8080
Adding missing Helm repo: chartmuseum.jenkins-x.io http://chartmuseum.jenkins-x.io
WARNING: No secrets found on "helm/repos" due: reading the secret "helm/repos" from vault: no secret "helm/repos" not found in vault
Read credentials for http://chartmuseum.jenkins-x.io from vault helm/repos
Successfully added Helm repository chartmuseum.jenkins-x.io.
